<?xml version="1.0" encoding="UTF-8"?>
<!-- Generated by org.testng.reporters.JUnitXMLReporter -->
<testsuite ignored="2" hostname="BLRL58991" failures="0" tests="2" name="Login and place order functionality" time="27.537" errors="0" timestamp="2021-01-17T12:08:37 IST">
  <testcase classname="tests.FirstScenario" name="init" time="6.979"/>
  <testcase classname="tests.FirstScenario" name="placeorderandcheckout" time="20.505"/>
  <testcase classname="tests.basicSetup" name="@BeforeSuite initialize" time="0.0">
    <ignored/>
  </testcase> <!-- @BeforeSuite initialize -->
  <testcase classname="tests.basicSetup" name="@AfterSuite TeardownTest" time="0.0">
    <ignored/>
  </testcase> <!-- @AfterSuite TeardownTest -->
</testsuite> <!-- Login and place order functionality -->
