<?xml version="1.0" encoding="UTF-8"?>
<testng-results ignored="2" total="4" passed="2" failed="0" skipped="0">
  <reporter-output>
  </reporter-output>
  <suite started-at="2021-01-17T12:08:09 IST" name="TestShoppingSite" finished-at="2021-01-17T12:08:37 IST" duration-ms="27537">
    <groups>
    </groups>
    <test started-at="2021-01-17T12:08:09 IST" name="Login and place order functionality" finished-at="2021-01-17T12:08:37 IST" duration-ms="27537">
      <class name="tests.basicSetup">
        <test-method is-config="true" signature="initialize()[pri:0, instance:tests.basicSetup@dd0c991]" started-at="2021-01-17T12:07:51 IST" name="initialize" finished-at="2021-01-17T12:08:09 IST" duration-ms="18160" status="PASS">
          <reporter-output>
          </reporter-output>
        </test-method> <!-- initialize -->
        <test-method is-config="true" signature="TeardownTest()[pri:0, instance:tests.basicSetup@dd0c991]" started-at="2021-01-17T12:08:37 IST" name="TeardownTest" finished-at="2021-01-17T12:08:38 IST" duration-ms="1005" status="PASS">
          <reporter-output>
          </reporter-output>
        </test-method> <!-- TeardownTest -->
      </class> <!-- tests.basicSetup -->
      <class name="tests.FirstScenario">
        <test-method signature="init()[pri:0, instance:tests.FirstScenario@5f16132a]" started-at="2021-01-17T12:08:09 IST" name="init" finished-at="2021-01-17T12:08:16 IST" duration-ms="6979" status="PASS">
          <reporter-output>
          </reporter-output>
        </test-method> <!-- init -->
        <test-method signature="placeorderandcheckout()[pri:0, instance:tests.FirstScenario@5f16132a]" started-at="2021-01-17T12:08:16 IST" name="placeorderandcheckout" finished-at="2021-01-17T12:08:37 IST" duration-ms="20505" status="PASS">
          <reporter-output>
          </reporter-output>
        </test-method> <!-- placeorderandcheckout -->
      </class> <!-- tests.FirstScenario -->
    </test> <!-- Login and place order functionality -->
  </suite> <!-- TestShoppingSite -->
</testng-results>
